2021-04-20T14:11:49+00:00 CRITICAL Uncaught TypeError: DOMElement::setAttribute(): Argument #2 ($value) must be of type string, array given in C:\xampp\htdocs\wordpress\wordpress\wp-content\plugins\LayerSlider\assets\helpers\phpQuery.php:3738
Stack trace:
#0 C:\xampp\htdocs\wordpress\wordpress\wp-content\plugins\LayerSlider\assets\helpers\phpQuery.php(3738): DOMElement->setAttribute('options', Array)
#1 C:\xampp\htdocs\wordpress\wordpress\wp-content\plugins\LayerSlider\assets\helpers\admin.ui.tools.php(224): LayerSlider\PHPQuery\phpQueryObject->attr(Array)
#2 C:\xampp\htdocs\wordpress\wordpress\wp-content\plugins\LayerSlider\assets\templates\tmpl-layer.php(153): lsGetSelect(Array, NULL, Array)
#3 C:\xampp\htdocs\wordpress\wordpress\wp-content\plugins\LayerSlider\assets\views\slider_edit.php(135): include('C:\\xampp\\htdocs...')
#4 C:\xampp\htdocs\wordpress\wordpress\wp-content\plugins\LayerSlider\assets\wp\menus.php(174): include('C:\\xampp\\htdocs...')
#5 C:\xampp\htdocs\wordpress\wordpress\wp-includes\class-wp-hook.php(292): layerslider_router('')
#6 C:\xampp\htdocs\wordpress\wordpress\wp-includes\class-wp-hook.php(316): WP_Hook->apply_filters('', Array)
#7 C:\xampp\htdocs\wordpress\wordpress\wp-includes\plugin.php(484): WP_Hook->do_action(Array)
#8 C:\xampp\htdocs\wordpress\wordpress\wp-admin\admin.php(259): do_action('toplevel_page_l...')
#9 {main}
  thrown in C:\xampp\htdocs\wordpress\wordpress\wp-content\plugins\LayerSlider\assets\helpers\phpQuery.php on line 3738

2021-04-20T14:12:58+00:00 CRITICAL Uncaught TypeError: DOMElement::setAttribute(): Argument #2 ($value) must be of type string, array given in C:\xampp\htdocs\wordpress\wordpress\wp-content\plugins\LayerSlider\assets\helpers\phpQuery.php:3738
Stack trace:
#0 C:\xampp\htdocs\wordpress\wordpress\wp-content\plugins\LayerSlider\assets\helpers\phpQuery.php(3738): DOMElement->setAttribute('options', Array)
#1 C:\xampp\htdocs\wordpress\wordpress\wp-content\plugins\LayerSlider\assets\helpers\admin.ui.tools.php(224): LayerSlider\PHPQuery\phpQueryObject->attr(Array)
#2 C:\xampp\htdocs\wordpress\wordpress\wp-content\plugins\LayerSlider\assets\templates\tmpl-layer.php(153): lsGetSelect(Array, NULL, Array)
#3 C:\xampp\htdocs\wordpress\wordpress\wp-content\plugins\LayerSlider\assets\views\slider_edit.php(135): include('C:\\xampp\\htdocs...')
#4 C:\xampp\htdocs\wordpress\wordpress\wp-content\plugins\LayerSlider\assets\wp\menus.php(174): include('C:\\xampp\\htdocs...')
#5 C:\xampp\htdocs\wordpress\wordpress\wp-includes\class-wp-hook.php(292): layerslider_router('')
#6 C:\xampp\htdocs\wordpress\wordpress\wp-includes\class-wp-hook.php(316): WP_Hook->apply_filters('', Array)
#7 C:\xampp\htdocs\wordpress\wordpress\wp-includes\plugin.php(484): WP_Hook->do_action(Array)
#8 C:\xampp\htdocs\wordpress\wordpress\wp-admin\admin.php(259): do_action('toplevel_page_l...')
#9 {main}
  thrown in C:\xampp\htdocs\wordpress\wordpress\wp-content\plugins\LayerSlider\assets\helpers\phpQuery.php on line 3738

2021-04-20T14:12:58+00:00 CRITICAL Uncaught TypeError: DOMElement::setAttribute(): Argument #2 ($value) must be of type string, array given in C:\xampp\htdocs\wordpress\wordpress\wp-content\plugins\LayerSlider\assets\helpers\phpQuery.php:3738
Stack trace:
#0 C:\xampp\htdocs\wordpress\wordpress\wp-content\plugins\LayerSlider\assets\helpers\phpQuery.php(3738): DOMElement->setAttribute('options', Array)
#1 C:\xampp\htdocs\wordpress\wordpress\wp-content\plugins\LayerSlider\assets\helpers\admin.ui.tools.php(224): LayerSlider\PHPQuery\phpQueryObject->attr(Array)
#2 C:\xampp\htdocs\wordpress\wordpress\wp-content\plugins\LayerSlider\assets\templates\tmpl-layer.php(153): lsGetSelect(Array, NULL, Array)
#3 C:\xampp\htdocs\wordpress\wordpress\wp-content\plugins\LayerSlider\assets\views\slider_edit.php(135): include('C:\\xampp\\htdocs...')
#4 C:\xampp\htdocs\wordpress\wordpress\wp-content\plugins\LayerSlider\assets\wp\menus.php(174): include('C:\\xampp\\htdocs...')
#5 C:\xampp\htdocs\wordpress\wordpress\wp-includes\class-wp-hook.php(292): layerslider_router('')
#6 C:\xampp\htdocs\wordpress\wordpress\wp-includes\class-wp-hook.php(316): WP_Hook->apply_filters('', Array)
#7 C:\xampp\htdocs\wordpress\wordpress\wp-includes\plugin.php(484): WP_Hook->do_action(Array)
#8 C:\xampp\htdocs\wordpress\wordpress\wp-admin\admin.php(259): do_action('toplevel_page_l...')
#9 {main}
  thrown in C:\xampp\htdocs\wordpress\wordpress\wp-content\plugins\LayerSlider\assets\helpers\phpQuery.php on line 3738

2021-04-20T14:18:03+00:00 CRITICAL Uncaught TypeError: DOMElement::setAttribute(): Argument #2 ($value) must be of type string, array given in C:\xampp\htdocs\wordpress\wordpress\wp-content\plugins\LayerSlider\assets\helpers\phpQuery.php:3738
Stack trace:
#0 C:\xampp\htdocs\wordpress\wordpress\wp-content\plugins\LayerSlider\assets\helpers\phpQuery.php(3738): DOMElement->setAttribute('options', Array)
#1 C:\xampp\htdocs\wordpress\wordpress\wp-content\plugins\LayerSlider\assets\helpers\admin.ui.tools.php(224): LayerSlider\PHPQuery\phpQueryObject->attr(Array)
#2 C:\xampp\htdocs\wordpress\wordpress\wp-content\plugins\LayerSlider\assets\templates\tmpl-layer.php(153): lsGetSelect(Array, NULL, Array)
#3 C:\xampp\htdocs\wordpress\wordpress\wp-content\plugins\LayerSlider\assets\views\slider_edit.php(135): include('C:\\xampp\\htdocs...')
#4 C:\xampp\htdocs\wordpress\wordpress\wp-content\plugins\LayerSlider\assets\wp\menus.php(174): include('C:\\xampp\\htdocs...')
#5 C:\xampp\htdocs\wordpress\wordpress\wp-includes\class-wp-hook.php(292): layerslider_router('')
#6 C:\xampp\htdocs\wordpress\wordpress\wp-includes\class-wp-hook.php(316): WP_Hook->apply_filters('', Array)
#7 C:\xampp\htdocs\wordpress\wordpress\wp-includes\plugin.php(484): WP_Hook->do_action(Array)
#8 C:\xampp\htdocs\wordpress\wordpress\wp-admin\admin.php(259): do_action('toplevel_page_l...')
#9 {main}
  thrown in C:\xampp\htdocs\wordpress\wordpress\wp-content\plugins\LayerSlider\assets\helpers\phpQuery.php on line 3738

2021-04-20T14:22:06+00:00 CRITICAL Uncaught TypeError: DOMElement::setAttribute(): Argument #2 ($value) must be of type string, array given in C:\xampp\htdocs\wordpress\wordpress\wp-content\plugins\LayerSlider\assets\helpers\phpQuery.php:3738
Stack trace:
#0 C:\xampp\htdocs\wordpress\wordpress\wp-content\plugins\LayerSlider\assets\helpers\phpQuery.php(3738): DOMElement->setAttribute('options', Array)
#1 C:\xampp\htdocs\wordpress\wordpress\wp-content\plugins\LayerSlider\assets\helpers\admin.ui.tools.php(224): LayerSlider\PHPQuery\phpQueryObject->attr(Array)
#2 C:\xampp\htdocs\wordpress\wordpress\wp-content\plugins\LayerSlider\assets\templates\tmpl-layer.php(153): lsGetSelect(Array, NULL, Array)
#3 C:\xampp\htdocs\wordpress\wordpress\wp-content\plugins\LayerSlider\assets\views\slider_edit.php(135): include('C:\\xampp\\htdocs...')
#4 C:\xampp\htdocs\wordpress\wordpress\wp-content\plugins\LayerSlider\assets\wp\menus.php(174): include('C:\\xampp\\htdocs...')
#5 C:\xampp\htdocs\wordpress\wordpress\wp-includes\class-wp-hook.php(292): layerslider_router('')
#6 C:\xampp\htdocs\wordpress\wordpress\wp-includes\class-wp-hook.php(316): WP_Hook->apply_filters('', Array)
#7 C:\xampp\htdocs\wordpress\wordpress\wp-includes\plugin.php(484): WP_Hook->do_action(Array)
#8 C:\xampp\htdocs\wordpress\wordpress\wp-admin\admin.php(259): do_action('toplevel_page_l...')
#9 {main}
  thrown in C:\xampp\htdocs\wordpress\wordpress\wp-content\plugins\LayerSlider\assets\helpers\phpQuery.php on line 3738

2021-04-20T14:22:36+00:00 CRITICAL Uncaught TypeError: DOMElement::setAttribute(): Argument #2 ($value) must be of type string, array given in C:\xampp\htdocs\wordpress\wordpress\wp-content\plugins\LayerSlider\assets\helpers\phpQuery.php:3738
Stack trace:
#0 C:\xampp\htdocs\wordpress\wordpress\wp-content\plugins\LayerSlider\assets\helpers\phpQuery.php(3738): DOMElement->setAttribute('options', Array)
#1 C:\xampp\htdocs\wordpress\wordpress\wp-content\plugins\LayerSlider\assets\helpers\admin.ui.tools.php(224): LayerSlider\PHPQuery\phpQueryObject->attr(Array)
#2 C:\xampp\htdocs\wordpress\wordpress\wp-content\plugins\LayerSlider\assets\templates\tmpl-layer.php(153): lsGetSelect(Array, NULL, Array)
#3 C:\xampp\htdocs\wordpress\wordpress\wp-content\plugins\LayerSlider\assets\views\slider_edit.php(135): include('C:\\xampp\\htdocs...')
#4 C:\xampp\htdocs\wordpress\wordpress\wp-content\plugins\LayerSlider\assets\wp\menus.php(174): include('C:\\xampp\\htdocs...')
#5 C:\xampp\htdocs\wordpress\wordpress\wp-includes\class-wp-hook.php(292): layerslider_router('')
#6 C:\xampp\htdocs\wordpress\wordpress\wp-includes\class-wp-hook.php(316): WP_Hook->apply_filters('', Array)
#7 C:\xampp\htdocs\wordpress\wordpress\wp-includes\plugin.php(484): WP_Hook->do_action(Array)
#8 C:\xampp\htdocs\wordpress\wordpress\wp-admin\admin.php(259): do_action('toplevel_page_l...')
#9 {main}
  thrown in C:\xampp\htdocs\wordpress\wordpress\wp-content\plugins\LayerSlider\assets\helpers\phpQuery.php on line 3738

2021-04-20T15:40:28+00:00 CRITICAL Uncaught TypeError: DOMElement::setAttribute(): Argument #2 ($value) must be of type string, array given in C:\xampp\htdocs\wordpress\wordpress\wp-content\plugins\LayerSlider\assets\helpers\phpQuery.php:3738
Stack trace:
#0 C:\xampp\htdocs\wordpress\wordpress\wp-content\plugins\LayerSlider\assets\helpers\phpQuery.php(3738): DOMElement->setAttribute('options', Array)
#1 C:\xampp\htdocs\wordpress\wordpress\wp-content\plugins\LayerSlider\assets\helpers\admin.ui.tools.php(224): LayerSlider\PHPQuery\phpQueryObject->attr(Array)
#2 C:\xampp\htdocs\wordpress\wordpress\wp-content\plugins\LayerSlider\assets\templates\tmpl-layer.php(153): lsGetSelect(Array, NULL, Array)
#3 C:\xampp\htdocs\wordpress\wordpress\wp-content\plugins\LayerSlider\assets\views\slider_edit.php(135): include('C:\\xampp\\htdocs...')
#4 C:\xampp\htdocs\wordpress\wordpress\wp-content\plugins\LayerSlider\assets\wp\menus.php(174): include('C:\\xampp\\htdocs...')
#5 C:\xampp\htdocs\wordpress\wordpress\wp-includes\class-wp-hook.php(292): layerslider_router('')
#6 C:\xampp\htdocs\wordpress\wordpress\wp-includes\class-wp-hook.php(316): WP_Hook->apply_filters('', Array)
#7 C:\xampp\htdocs\wordpress\wordpress\wp-includes\plugin.php(484): WP_Hook->do_action(Array)
#8 C:\xampp\htdocs\wordpress\wordpress\wp-admin\admin.php(259): do_action('toplevel_page_l...')
#9 {main}
  thrown in C:\xampp\htdocs\wordpress\wordpress\wp-content\plugins\LayerSlider\assets\helpers\phpQuery.php on line 3738

2021-04-20T15:40:54+00:00 CRITICAL Uncaught TypeError: DOMElement::setAttribute(): Argument #2 ($value) must be of type string, array given in C:\xampp\htdocs\wordpress\wordpress\wp-content\plugins\LayerSlider\assets\helpers\phpQuery.php:3738
Stack trace:
#0 C:\xampp\htdocs\wordpress\wordpress\wp-content\plugins\LayerSlider\assets\helpers\phpQuery.php(3738): DOMElement->setAttribute('options', Array)
#1 C:\xampp\htdocs\wordpress\wordpress\wp-content\plugins\LayerSlider\assets\helpers\admin.ui.tools.php(224): LayerSlider\PHPQuery\phpQueryObject->attr(Array)
#2 C:\xampp\htdocs\wordpress\wordpress\wp-content\plugins\LayerSlider\assets\templates\tmpl-layer.php(153): lsGetSelect(Array, NULL, Array)
#3 C:\xampp\htdocs\wordpress\wordpress\wp-content\plugins\LayerSlider\assets\views\slider_edit.php(135): include('C:\\xampp\\htdocs...')
#4 C:\xampp\htdocs\wordpress\wordpress\wp-content\plugins\LayerSlider\assets\wp\menus.php(174): include('C:\\xampp\\htdocs...')
#5 C:\xampp\htdocs\wordpress\wordpress\wp-includes\class-wp-hook.php(292): layerslider_router('')
#6 C:\xampp\htdocs\wordpress\wordpress\wp-includes\class-wp-hook.php(316): WP_Hook->apply_filters('', Array)
#7 C:\xampp\htdocs\wordpress\wordpress\wp-includes\plugin.php(484): WP_Hook->do_action(Array)
#8 C:\xampp\htdocs\wordpress\wordpress\wp-admin\admin.php(259): do_action('toplevel_page_l...')
#9 {main}
  thrown in C:\xampp\htdocs\wordpress\wordpress\wp-content\plugins\LayerSlider\assets\helpers\phpQuery.php on line 3738

2021-04-20T15:41:04+00:00 CRITICAL Uncaught TypeError: DOMElement::setAttribute(): Argument #2 ($value) must be of type string, array given in C:\xampp\htdocs\wordpress\wordpress\wp-content\plugins\LayerSlider\assets\helpers\phpQuery.php:3738
Stack trace:
#0 C:\xampp\htdocs\wordpress\wordpress\wp-content\plugins\LayerSlider\assets\helpers\phpQuery.php(3738): DOMElement->setAttribute('options', Array)
#1 C:\xampp\htdocs\wordpress\wordpress\wp-content\plugins\LayerSlider\assets\helpers\admin.ui.tools.php(224): LayerSlider\PHPQuery\phpQueryObject->attr(Array)
#2 C:\xampp\htdocs\wordpress\wordpress\wp-content\plugins\LayerSlider\assets\templates\tmpl-layer.php(153): lsGetSelect(Array, NULL, Array)
#3 C:\xampp\htdocs\wordpress\wordpress\wp-content\plugins\LayerSlider\assets\views\slider_edit.php(135): include('C:\\xampp\\htdocs...')
#4 C:\xampp\htdocs\wordpress\wordpress\wp-content\plugins\LayerSlider\assets\wp\menus.php(174): include('C:\\xampp\\htdocs...')
#5 C:\xampp\htdocs\wordpress\wordpress\wp-includes\class-wp-hook.php(292): layerslider_router('')
#6 C:\xampp\htdocs\wordpress\wordpress\wp-includes\class-wp-hook.php(316): WP_Hook->apply_filters('', Array)
#7 C:\xampp\htdocs\wordpress\wordpress\wp-includes\plugin.php(484): WP_Hook->do_action(Array)
#8 C:\xampp\htdocs\wordpress\wordpress\wp-admin\admin.php(259): do_action('toplevel_page_l...')
#9 {main}
  thrown in C:\xampp\htdocs\wordpress\wordpress\wp-content\plugins\LayerSlider\assets\helpers\phpQuery.php on line 3738

2021-04-20T15:45:25+00:00 CRITICAL Uncaught TypeError: DOMElement::setAttribute(): Argument #2 ($value) must be of type string, array given in C:\xampp\htdocs\wordpress\wordpress\wp-content\plugins\LayerSlider\assets\helpers\phpQuery.php:3738
Stack trace:
#0 C:\xampp\htdocs\wordpress\wordpress\wp-content\plugins\LayerSlider\assets\helpers\phpQuery.php(3738): DOMElement->setAttribute('options', Array)
#1 C:\xampp\htdocs\wordpress\wordpress\wp-content\plugins\LayerSlider\assets\helpers\admin.ui.tools.php(224): LayerSlider\PHPQuery\phpQueryObject->attr(Array)
#2 C:\xampp\htdocs\wordpress\wordpress\wp-content\plugins\LayerSlider\assets\templates\tmpl-layer.php(153): lsGetSelect(Array, NULL, Array)
#3 C:\xampp\htdocs\wordpress\wordpress\wp-content\plugins\LayerSlider\assets\views\slider_edit.php(135): include('C:\\xampp\\htdocs...')
#4 C:\xampp\htdocs\wordpress\wordpress\wp-content\plugins\LayerSlider\assets\wp\menus.php(174): include('C:\\xampp\\htdocs...')
#5 C:\xampp\htdocs\wordpress\wordpress\wp-includes\class-wp-hook.php(292): layerslider_router('')
#6 C:\xampp\htdocs\wordpress\wordpress\wp-includes\class-wp-hook.php(316): WP_Hook->apply_filters('', Array)
#7 C:\xampp\htdocs\wordpress\wordpress\wp-includes\plugin.php(484): WP_Hook->do_action(Array)
#8 C:\xampp\htdocs\wordpress\wordpress\wp-admin\admin.php(259): do_action('toplevel_page_l...')
#9 {main}
  thrown in C:\xampp\htdocs\wordpress\wordpress\wp-content\plugins\LayerSlider\assets\helpers\phpQuery.php on line 3738

2021-04-20T15:50:28+00:00 CRITICAL Uncaught TypeError: DOMElement::setAttribute(): Argument #2 ($value) must be of type string, array given in C:\xampp\htdocs\wordpress\wordpress\wp-content\plugins\LayerSlider\assets\helpers\phpQuery.php:3738
Stack trace:
#0 C:\xampp\htdocs\wordpress\wordpress\wp-content\plugins\LayerSlider\assets\helpers\phpQuery.php(3738): DOMElement->setAttribute('options', Array)
#1 C:\xampp\htdocs\wordpress\wordpress\wp-content\plugins\LayerSlider\assets\helpers\admin.ui.tools.php(224): LayerSlider\PHPQuery\phpQueryObject->attr(Array)
#2 C:\xampp\htdocs\wordpress\wordpress\wp-content\plugins\LayerSlider\assets\templates\tmpl-layer.php(153): lsGetSelect(Array, NULL, Array)
#3 C:\xampp\htdocs\wordpress\wordpress\wp-content\plugins\LayerSlider\assets\views\slider_edit.php(135): include('C:\\xampp\\htdocs...')
#4 C:\xampp\htdocs\wordpress\wordpress\wp-content\plugins\LayerSlider\assets\wp\menus.php(174): include('C:\\xampp\\htdocs...')
#5 C:\xampp\htdocs\wordpress\wordpress\wp-includes\class-wp-hook.php(292): layerslider_router('')
#6 C:\xampp\htdocs\wordpress\wordpress\wp-includes\class-wp-hook.php(316): WP_Hook->apply_filters('', Array)
#7 C:\xampp\htdocs\wordpress\wordpress\wp-includes\plugin.php(484): WP_Hook->do_action(Array)
#8 C:\xampp\htdocs\wordpress\wordpress\wp-admin\admin.php(259): do_action('toplevel_page_l...')
#9 {main}
  thrown in C:\xampp\htdocs\wordpress\wordpress\wp-content\plugins\LayerSlider\assets\helpers\phpQuery.php on line 3738

2021-04-20T15:52:54+00:00 CRITICAL Uncaught TypeError: DOMElement::setAttribute(): Argument #2 ($value) must be of type string, array given in C:\xampp\htdocs\wordpress\wordpress\wp-content\plugins\LayerSlider\assets\helpers\phpQuery.php:3738
Stack trace:
#0 C:\xampp\htdocs\wordpress\wordpress\wp-content\plugins\LayerSlider\assets\helpers\phpQuery.php(3738): DOMElement->setAttribute('options', Array)
#1 C:\xampp\htdocs\wordpress\wordpress\wp-content\plugins\LayerSlider\assets\helpers\admin.ui.tools.php(224): LayerSlider\PHPQuery\phpQueryObject->attr(Array)
#2 C:\xampp\htdocs\wordpress\wordpress\wp-content\plugins\LayerSlider\assets\templates\tmpl-layer.php(153): lsGetSelect(Array, NULL, Array)
#3 C:\xampp\htdocs\wordpress\wordpress\wp-content\plugins\LayerSlider\assets\views\slider_edit.php(135): include('C:\\xampp\\htdocs...')
#4 C:\xampp\htdocs\wordpress\wordpress\wp-content\plugins\LayerSlider\assets\wp\menus.php(174): include('C:\\xampp\\htdocs...')
#5 C:\xampp\htdocs\wordpress\wordpress\wp-includes\class-wp-hook.php(292): layerslider_router('')
#6 C:\xampp\htdocs\wordpress\wordpress\wp-includes\class-wp-hook.php(316): WP_Hook->apply_filters('', Array)
#7 C:\xampp\htdocs\wordpress\wordpress\wp-includes\plugin.php(484): WP_Hook->do_action(Array)
#8 C:\xampp\htdocs\wordpress\wordpress\wp-admin\admin.php(259): do_action('toplevel_page_l...')
#9 {main}
  thrown in C:\xampp\htdocs\wordpress\wordpress\wp-content\plugins\LayerSlider\assets\helpers\phpQuery.php on line 3738

2021-04-20T16:03:33+00:00 CRITICAL Array and string offset access syntax with curly braces is no longer supported in C:\xampp\htdocs\wordpress\wordpress\wp-content\plugins\layerslider\helpers\phpQuery.php on line 2161

2021-04-20T16:09:50+00:00 CRITICAL Uncaught TypeError: DOMElement::setAttribute(): Argument #2 ($value) must be of type string, array given in C:\xampp\htdocs\wordpress\wordpress\wp-content\plugins\LayerSlider\assets\helpers\phpQuery.php:3738
Stack trace:
#0 C:\xampp\htdocs\wordpress\wordpress\wp-content\plugins\LayerSlider\assets\helpers\phpQuery.php(3738): DOMElement->setAttribute('options', Array)
#1 C:\xampp\htdocs\wordpress\wordpress\wp-content\plugins\LayerSlider\assets\helpers\admin.ui.tools.php(224): LayerSlider\PHPQuery\phpQueryObject->attr(Array)
#2 C:\xampp\htdocs\wordpress\wordpress\wp-content\plugins\LayerSlider\assets\templates\tmpl-layer.php(153): lsGetSelect(Array, NULL, Array)
#3 C:\xampp\htdocs\wordpress\wordpress\wp-content\plugins\LayerSlider\assets\views\slider_edit.php(135): include('C:\\xampp\\htdocs...')
#4 C:\xampp\htdocs\wordpress\wordpress\wp-content\plugins\LayerSlider\assets\wp\menus.php(174): include('C:\\xampp\\htdocs...')
#5 C:\xampp\htdocs\wordpress\wordpress\wp-includes\class-wp-hook.php(292): layerslider_router('')
#6 C:\xampp\htdocs\wordpress\wordpress\wp-includes\class-wp-hook.php(316): WP_Hook->apply_filters('', Array)
#7 C:\xampp\htdocs\wordpress\wordpress\wp-includes\plugin.php(484): WP_Hook->do_action(Array)
#8 C:\xampp\htdocs\wordpress\wordpress\wp-admin\admin.php(259): do_action('toplevel_page_l...')
#9 {main}
  thrown in C:\xampp\htdocs\wordpress\wordpress\wp-content\plugins\LayerSlider\assets\helpers\phpQuery.php on line 3738

2021-04-20T16:11:48+00:00 CRITICAL Uncaught TypeError: DOMElement::setAttribute(): Argument #2 ($value) must be of type string, array given in C:\xampp\htdocs\wordpress\wordpress\wp-content\plugins\LayerSlider\assets\helpers\phpQuery.php:3738
Stack trace:
#0 C:\xampp\htdocs\wordpress\wordpress\wp-content\plugins\LayerSlider\assets\helpers\phpQuery.php(3738): DOMElement->setAttribute('options', Array)
#1 C:\xampp\htdocs\wordpress\wordpress\wp-content\plugins\LayerSlider\assets\helpers\admin.ui.tools.php(224): LayerSlider\PHPQuery\phpQueryObject->attr(Array)
#2 C:\xampp\htdocs\wordpress\wordpress\wp-content\plugins\LayerSlider\assets\templates\tmpl-layer.php(153): lsGetSelect(Array, NULL, Array)
#3 C:\xampp\htdocs\wordpress\wordpress\wp-content\plugins\LayerSlider\assets\views\slider_edit.php(135): include('C:\\xampp\\htdocs...')
#4 C:\xampp\htdocs\wordpress\wordpress\wp-content\plugins\LayerSlider\assets\wp\menus.php(174): include('C:\\xampp\\htdocs...')
#5 C:\xampp\htdocs\wordpress\wordpress\wp-includes\class-wp-hook.php(292): layerslider_router('')
#6 C:\xampp\htdocs\wordpress\wordpress\wp-includes\class-wp-hook.php(316): WP_Hook->apply_filters('', Array)
#7 C:\xampp\htdocs\wordpress\wordpress\wp-includes\plugin.php(484): WP_Hook->do_action(Array)
#8 C:\xampp\htdocs\wordpress\wordpress\wp-admin\admin.php(259): do_action('toplevel_page_l...')
#9 {main}
  thrown in C:\xampp\htdocs\wordpress\wordpress\wp-content\plugins\LayerSlider\assets\helpers\phpQuery.php on line 3738

